{"numFailedTestSuites":0,"numFailedTests":0,"numPassedTestSuites":12,"numPassedTests":33,"numPendingTestSuites":0,"numPendingTests":0,"numRuntimeErrorTestSuites":0,"numTodoTests":0,"numTotalTestSuites":12,"numTotalTests":33,"openHandles":[],"snapshot":{"added":0,"didUpdate":false,"failure":false,"filesAdded":0,"filesRemoved":0,"filesRemovedList":[],"filesUnmatched":0,"filesUpdated":0,"matched":12,"total":12,"unchecked":0,"uncheckedKeysByFile":[],"unmatched":0,"updated":0},"startTime":1700967131381,"success":true,"testResults":[{"assertionResults":[{"ancestorTitles":["<Learn />"],"duration":53,"failureDetails":[],"failureMessages":[],"fullName":"<Learn /> matches snapshot","invocations":1,"location":null,"numPassingAsserts":1,"retryReasons":[],"status":"passed","title":"matches snapshot"},{"ancestorTitles":["<Learn />"],"duration":10,"failureDetails":[],"failureMessages":[],"fullName":"<Learn /> renders learn paragraph","invocations":1,"location":null,"numPassingAsserts":1,"retryReasons":[],"status":"passed","title":"renders learn paragraph"}],"endTime":1700967133478,"message":"","name":"/Users/colinpereira/Documents/Programming/Room-Occupancy/client/src/pages/__tests__/Learn.test.tsx","startTime":1700967131866,"status":"passed","summary":""},{"assertionResults":[{"ancestorTitles":["<AnalyticsFeedBar />"],"duration":69,"failureDetails":[],"failureMessages":[],"fullName":"<AnalyticsFeedBar /> should matchSnapshot","invocations":1,"location":null,"numPassingAsserts":1,"retryReasons":[],"status":"passed","title":"should matchSnapshot"}],"endTime":1700967133564,"message":"","name":"/Users/colinpereira/Documents/Programming/Room-Occupancy/client/src/components/analytic/__tests__/AnalyticsFeedbar.test.tsx","startTime":1700967131921,"status":"passed","summary":""},{"assertionResults":[{"ancestorTitles":[],"duration":33,"failureDetails":[],"failureMessages":[],"fullName":"matches snapshot","invocations":1,"location":null,"numPassingAsserts":1,"retryReasons":[],"status":"passed","title":"matches snapshot"},{"ancestorTitles":[],"duration":18,"failureDetails":[],"failureMessages":[],"fullName":"renders Cards component","invocations":1,"location":null,"numPassingAsserts":1,"retryReasons":[],"status":"passed","title":"renders Cards component"},{"ancestorTitles":[],"duration":3,"failureDetails":[],"failureMessages":[],"fullName":"displays image","invocations":1,"location":null,"numPassingAsserts":1,"retryReasons":[],"status":"passed","title":"displays image"},{"ancestorTitles":[],"duration":5,"failureDetails":[],"failureMessages":[],"fullName":"displays card header","invocations":1,"location":null,"numPassingAsserts":1,"retryReasons":[],"status":"passed","title":"displays card header"},{"ancestorTitles":[],"duration":3,"failureDetails":[],"failureMessages":[],"fullName":"displays subheader","invocations":1,"location":null,"numPassingAsserts":1,"retryReasons":[],"status":"passed","title":"displays subheader"},{"ancestorTitles":[],"duration":2,"failureDetails":[],"failureMessages":[],"fullName":"displays description","invocations":1,"location":null,"numPassingAsserts":1,"retryReasons":[],"status":"passed","title":"displays description"}],"endTime":1700967133573,"message":"","name":"/Users/colinpereira/Documents/Programming/Room-Occupancy/client/src/components/__tests__/Cards.test.tsx","startTime":1700967131955,"status":"passed","summary":""},{"assertionResults":[{"ancestorTitles":["<CommonLayout />"],"duration":58,"failureDetails":[],"failureMessages":[],"fullName":"<CommonLayout /> should matchSnapshot","invocations":1,"location":null,"numPassingAsserts":1,"retryReasons":[],"status":"passed","title":"should matchSnapshot"},{"ancestorTitles":["<CommonLayout />"],"duration":39,"failureDetails":[],"failureMessages":[],"fullName":"<CommonLayout /> should include the navbar","invocations":1,"location":null,"numPassingAsserts":2,"retryReasons":[],"status":"passed","title":"should include the navbar"},{"ancestorTitles":["<CommonLayout />"],"duration":12,"failureDetails":[],"failureMessages":[],"fullName":"<CommonLayout /> should render children","invocations":1,"location":null,"numPassingAsserts":1,"retryReasons":[],"status":"passed","title":"should render children"},{"ancestorTitles":["<CommonLayout />"],"duration":5,"failureDetails":[],"failureMessages":[],"fullName":"<CommonLayout /> should have the correct component structure","invocations":1,"location":null,"numPassingAsserts":1,"retryReasons":[],"status":"passed","title":"should have the correct component structure"}],"endTime":1700967133577,"message":"","name":"/Users/colinpereira/Documents/Programming/Room-Occupancy/client/src/components/layout/common/index.test.tsx","startTime":1700967131942,"status":"passed","summary":""},{"assertionResults":[{"ancestorTitles":["Navbar"],"duration":40,"failureDetails":[],"failureMessages":[],"fullName":"Navbar matches snapshot","invocations":1,"location":null,"numPassingAsserts":1,"retryReasons":[],"status":"passed","title":"matches snapshot"},{"ancestorTitles":["Navbar"],"duration":65,"failureDetails":[],"failureMessages":[],"fullName":"Navbar renders the navbar","invocations":1,"location":null,"numPassingAsserts":2,"retryReasons":[],"status":"passed","title":"renders the navbar"},{"ancestorTitles":["Navbar"],"duration":70,"failureDetails":[],"failureMessages":[],"fullName":"Navbar renders all navigation links","invocations":1,"location":null,"numPassingAsserts":4,"retryReasons":[],"status":"passed","title":"renders all navigation links"},{"ancestorTitles":["Navbar"],"duration":7,"failureDetails":[],"failureMessages":[],"fullName":"Navbar has correct navigation paths","invocations":1,"location":null,"numPassingAsserts":4,"retryReasons":[],"status":"passed","title":"has correct navigation paths"},{"ancestorTitles":["Navbar"],"duration":3,"failureDetails":[],"failureMessages":[],"fullName":"Navbar renders login and signup buttons","invocations":1,"location":null,"numPassingAsserts":2,"retryReasons":[],"status":"passed","title":"renders login and signup buttons"}],"endTime":1700967133650,"message":"","name":"/Users/colinpereira/Documents/Programming/Room-Occupancy/client/src/components/__tests__/Navbar.test.tsx","startTime":1700967131913,"status":"passed","summary":""},{"assertionResults":[{"ancestorTitles":["<Dashboard Layout />"],"duration":53,"failureDetails":[],"failureMessages":[],"fullName":"<Dashboard Layout /> should match snapshot","invocations":1,"location":null,"numPassingAsserts":1,"retryReasons":[],"status":"passed","title":"should match snapshot"},{"ancestorTitles":["<Dashboard Layout />"],"duration":61,"failureDetails":[],"failureMessages":[],"fullName":"<Dashboard Layout /> should include navbar","invocations":1,"location":null,"numPassingAsserts":2,"retryReasons":[],"status":"passed","title":"should include navbar"},{"ancestorTitles":["<Dashboard Layout />"],"duration":33,"failureDetails":[],"failureMessages":[],"fullName":"<Dashboard Layout /> should render children","invocations":1,"location":null,"numPassingAsserts":1,"retryReasons":[],"status":"passed","title":"should render children"}],"endTime":1700967133671,"message":"","name":"/Users/colinpereira/Documents/Programming/Room-Occupancy/client/src/components/layout/dashboard/index.test.tsx","startTime":1700967131946,"status":"passed","summary":""},{"assertionResults":[{"ancestorTitles":[],"duration":48,"failureDetails":[],"failureMessages":[],"fullName":"renders 404 header","invocations":1,"location":null,"numPassingAsserts":1,"retryReasons":[],"status":"passed","title":"renders 404 header"},{"ancestorTitles":[],"duration":23,"failureDetails":[],"failureMessages":[],"fullName":"should match snapshopt","invocations":1,"location":null,"numPassingAsserts":1,"retryReasons":[],"status":"passed","title":"should match snapshopt"},{"ancestorTitles":[],"duration":5,"failureDetails":[],"failureMessages":[],"fullName":"renders error message","invocations":1,"location":null,"numPassingAsserts":1,"retryReasons":[],"status":"passed","title":"renders error message"},{"ancestorTitles":[],"duration":14,"failureDetails":[],"failureMessages":[],"fullName":"renders 'Go to Homepage' button","invocations":1,"location":null,"numPassingAsserts":1,"retryReasons":[],"status":"passed","title":"renders 'Go to Homepage' button"},{"ancestorTitles":[],"duration":27,"failureDetails":[],"failureMessages":[],"fullName":"navigates to homepage on button click","invocations":1,"location":null,"numPassingAsserts":2,"retryReasons":[],"status":"passed","title":"navigates to homepage on button click"}],"endTime":1700967133680,"message":"","name":"/Users/colinpereira/Documents/Programming/Room-Occupancy/client/src/pages/__tests__/Error.test.tsx","startTime":1700967131922,"status":"passed","summary":""},{"assertionResults":[{"ancestorTitles":["<AnalyticsSidebar />"],"duration":24,"failureDetails":[],"failureMessages":[],"fullName":"<AnalyticsSidebar /> should matchSnapshot","invocations":1,"location":null,"numPassingAsserts":1,"retryReasons":[],"status":"passed","title":"should matchSnapshot"},{"ancestorTitles":["<AnalyticsSidebar />"],"duration":12,"failureDetails":[],"failureMessages":[],"fullName":"<AnalyticsSidebar /> should render the correct headers","invocations":1,"location":null,"numPassingAsserts":2,"retryReasons":[],"status":"passed","title":"should render the correct headers"}],"endTime":1700967133897,"message":"","name":"/Users/colinpereira/Documents/Programming/Room-Occupancy/client/src/components/analytic/__tests__/AnalyticsSidebar.test.tsx","startTime":1700967133503,"status":"passed","summary":""},{"assertionResults":[{"ancestorTitles":["<Login />"],"duration":33,"failureDetails":[],"failureMessages":[],"fullName":"<Login /> matches snapshot","invocations":1,"location":null,"numPassingAsserts":1,"retryReasons":[],"status":"passed","title":"matches snapshot"}],"endTime":1700967133932,"message":"","name":"/Users/colinpereira/Documents/Programming/Room-Occupancy/client/src/pages/__tests__/Login.test.tsx","startTime":1700967133588,"status":"passed","summary":""},{"assertionResults":[{"ancestorTitles":["<About />"],"duration":41,"failureDetails":[],"failureMessages":[],"fullName":"<About /> matches snapshot","invocations":1,"location":null,"numPassingAsserts":1,"retryReasons":[],"status":"passed","title":"matches snapshot"}],"endTime":1700967133933,"message":"","name":"/Users/colinpereira/Documents/Programming/Room-Occupancy/client/src/pages/__tests__/About.test.tsx","startTime":1700967133586,"status":"passed","summary":""},{"assertionResults":[{"ancestorTitles":["<AnalyticsFeed />"],"duration":13,"failureDetails":[],"failureMessages":[],"fullName":"<AnalyticsFeed /> should matchSnapshot","invocations":1,"location":null,"numPassingAsserts":1,"retryReasons":[],"status":"passed","title":"should matchSnapshot"},{"ancestorTitles":["<AnalyticsFeed />"],"duration":9,"failureDetails":[],"failureMessages":[],"fullName":"<AnalyticsFeed /> should render props","invocations":1,"location":null,"numPassingAsserts":4,"retryReasons":[],"status":"passed","title":"should render props"}],"endTime":1700967133961,"message":"","name":"/Users/colinpereira/Documents/Programming/Room-Occupancy/client/src/components/analytic/__tests__/AnalyticsFeed.test.tsx","startTime":1700967133594,"status":"passed","summary":""},{"assertionResults":[{"ancestorTitles":["<Home />"],"duration":21,"failureDetails":[],"failureMessages":[],"fullName":"<Home /> matches snapshot","invocations":1,"location":null,"numPassingAsserts":1,"retryReasons":[],"status":"passed","title":"matches snapshot"}],"endTime":1700967133965,"message":"","name":"/Users/colinpereira/Documents/Programming/Room-Occupancy/client/src/pages/__tests__/Home.test.tsx","startTime":1700967133662,"status":"passed","summary":""}],"wasInterrupted":false}
